<?xml version="1.0" encoding="UTF-8"?>
<!-- Generated by org.testng.reporters.JUnitReportReporter -->
<testsuite hostname="maya-home" name="tesstcases.LoginTest" tests="3" failures="0" timestamp="26 Jul 2017 18:16:54 GMT" time="0.001" errors="0">
  <testcase name="doLoginTest" time="0.000" classname="tesstcases.LoginTest"/>
  <testcase name="doLoginTest" time="0.000" classname="tesstcases.LoginTest"/>
  <testcase name="doLoginTest" time="0.001" classname="tesstcases.LoginTest"/>
</testsuite>
