<?xml version="1.0" encoding="UTF-8"?>
<!-- Generated by org.testng.reporters.JUnitReportReporter -->
<testsuite hostname="maya-home" name="tesstcases.RegTest" tests="1" failures="0" timestamp="26 Jul 2017 18:16:54 GMT" time="0.001" errors="0">
  <testcase name="doRegisterTest" time="0.001" classname="tesstcases.RegTest"/>
</testsuite>
