<?xml version="1.0" encoding="UTF-8"?>
<!-- Generated by org.testng.reporters.JUnitReportReporter -->
<testsuite hostname="maya-home" name="tesstcases.ApplicaionTest" tests="3" failures="0" timestamp="26 Jul 2017 18:16:54 GMT" time="0.000" errors="0">
  <testcase name="logOut" time="0.000" classname="tesstcases.ApplicaionTest"/>
  <testcase name="doPasswordChange" time="0.000" classname="tesstcases.ApplicaionTest"/>
  <testcase name="doLogin" time="0.000" classname="tesstcases.ApplicaionTest"/>
</testsuite>
